<?xml version="1.0" encoding="UTF-8"?>
<!-- Generated by org.testng.reporters.JUnitXMLReporter -->
<testsuite ignored="1" hostname="Avijeet-Desktop" failures="0" tests="1" name="Default test" time="0.759" errors="0" timestamp="2022-07-21T11:49:56 IST">
  <testcase classname="com.hubspot.keywordDriven.LoginTest" name="LoginTest" time="0.713"/>
  <testcase classname="com.hubspot.keywordDriven.LoginTest" name="signUpTest" time="0.0">
    <ignored/>
  </testcase> <!-- signUpTest -->
</testsuite> <!-- Default test -->
