<?xml version="1.0" encoding="UTF-8"?>
<testng-results ignored="0" total="1" passed="1" failed="0" skipped="0">
  <reporter-output>
  </reporter-output>
  <suite started-at="2022-07-22T14:21:26 IST" name="Suite" finished-at="2022-07-22T14:21:27 IST" duration-ms="1287">
    <groups>
    </groups>
    <test started-at="2022-07-22T14:21:26 IST" name="Test" finished-at="2022-07-22T14:21:27 IST" duration-ms="1287">
      <class name="com.hubspot.keywordDriven.LoginTest">
        <test-method signature="LoginTest()[pri:0, instance:com.hubspot.keywordDriven.LoginTest@7d0b7e3c]" started-at="2022-07-22T14:21:26 IST" name="LoginTest" finished-at="2022-07-22T14:21:27 IST" duration-ms="1152" status="PASS">
          <reporter-output>
          </reporter-output>
        </test-method> <!-- LoginTest -->
      </class> <!-- com.hubspot.keywordDriven.LoginTest -->
    </test> <!-- Test -->
  </suite> <!-- Suite -->
</testng-results>
